2020-03-16T08:30:02.757+0100 I CONTROL  [initandlisten] MongoDB starting : pid=8809 port=27017 dbpath=./mongodb 64-bit host=node
2020-03-16T08:30:02.757+0100 I CONTROL  [initandlisten] db version v3.6.3
2020-03-16T08:30:02.757+0100 I CONTROL  [initandlisten] git version: 9586e557d54ef70f9ca4b43c26892cd55257e1a5
2020-03-16T08:30:02.757+0100 I CONTROL  [initandlisten] OpenSSL version: OpenSSL 1.1.1  11 Sep 2018
2020-03-16T08:30:02.757+0100 I CONTROL  [initandlisten] allocator: tcmalloc
2020-03-16T08:30:02.757+0100 I CONTROL  [initandlisten] modules: none
2020-03-16T08:30:02.757+0100 I CONTROL  [initandlisten] build environment:
2020-03-16T08:30:02.757+0100 I CONTROL  [initandlisten]     distarch: x86_64
2020-03-16T08:30:02.757+0100 I CONTROL  [initandlisten]     target_arch: x86_64
2020-03-16T08:30:02.757+0100 I CONTROL  [initandlisten] options: { storage: { dbPath: "./mongodb" } }
2020-03-16T08:30:02.757+0100 I -        [initandlisten] Detected data files in ./mongodb created by the 'wiredTiger' storage engine, so setting the active storage engine to 'wiredTiger'.
2020-03-16T08:30:02.758+0100 I STORAGE  [initandlisten] 
2020-03-16T08:30:02.758+0100 I STORAGE  [initandlisten] ** WARNING: Using the XFS filesystem is strongly recommended with the WiredTiger storage engine
2020-03-16T08:30:02.758+0100 I STORAGE  [initandlisten] **          See http://dochub.mongodb.org/core/prodnotes-filesystem
2020-03-16T08:30:02.758+0100 I STORAGE  [initandlisten] wiredtiger_open config: create,cache_size=2188M,session_max=20000,eviction=(threads_min=4,threads_max=4),config_base=false,statistics=(fast),log=(enabled=true,archive=true,path=journal,compressor=snappy),file_manager=(close_idle_time=100000),statistics_log=(wait=0),verbose=(recovery_progress),
2020-03-16T08:30:03.851+0100 I STORAGE  [initandlisten] WiredTiger message [1584343803:851323][8809:0x7fa21b2580c0], txn-recover: Main recovery loop: starting at 10/4992
2020-03-16T08:30:04.034+0100 I STORAGE  [initandlisten] WiredTiger message [1584343804:34750][8809:0x7fa21b2580c0], txn-recover: Recovering log 10 through 11
2020-03-16T08:30:04.182+0100 I STORAGE  [initandlisten] WiredTiger message [1584343804:182146][8809:0x7fa21b2580c0], txn-recover: Recovering log 11 through 11
2020-03-16T08:30:04.610+0100 I CONTROL  [initandlisten] 
2020-03-16T08:30:04.610+0100 I CONTROL  [initandlisten] ** WARNING: Access control is not enabled for the database.
2020-03-16T08:30:04.610+0100 I CONTROL  [initandlisten] **          Read and write access to data and configuration is unrestricted.
2020-03-16T08:30:04.611+0100 I CONTROL  [initandlisten] 
2020-03-16T08:30:04.611+0100 I CONTROL  [initandlisten] ** WARNING: This server is bound to localhost.
2020-03-16T08:30:04.611+0100 I CONTROL  [initandlisten] **          Remote systems will be unable to connect to this server. 
2020-03-16T08:30:04.611+0100 I CONTROL  [initandlisten] **          Start the server with --bind_ip <address> to specify which IP 
2020-03-16T08:30:04.611+0100 I CONTROL  [initandlisten] **          addresses it should serve responses from, or with --bind_ip_all to
2020-03-16T08:30:04.611+0100 I CONTROL  [initandlisten] **          bind to all interfaces. If this behavior is desired, start the
2020-03-16T08:30:04.611+0100 I CONTROL  [initandlisten] **          server with --bind_ip 127.0.0.1 to disable this warning.
2020-03-16T08:30:04.611+0100 I CONTROL  [initandlisten] 
2020-03-16T08:30:04.611+0100 I CONTROL  [initandlisten] 
2020-03-16T08:30:04.611+0100 I CONTROL  [initandlisten] ** WARNING: soft rlimits too low. rlimits set to 21431 processes, 1048576 files. Number of processes should be at least 524288 : 0.5 times number of files.
2020-03-16T08:30:04.625+0100 I FTDC     [initandlisten] Initializing full-time diagnostic data capture with directory './mongodb/diagnostic.data'
2020-03-16T08:30:04.626+0100 I NETWORK  [initandlisten] waiting for connections on port 27017
2020-03-16T08:30:35.282+0100 I CONTROL  [signalProcessingThread] got signal 2 (Interrupt), will terminate after current cmd ends
2020-03-16T08:30:35.282+0100 I NETWORK  [signalProcessingThread] shutdown: going to close listening sockets...
2020-03-16T08:30:35.282+0100 I NETWORK  [signalProcessingThread] removing socket file: /tmp/mongodb-27017.sock
2020-03-16T08:30:35.282+0100 I FTDC     [signalProcessingThread] Shutting down full-time diagnostic data capture
2020-03-16T08:30:35.288+0100 I STORAGE  [signalProcessingThread] WiredTigerKVEngine shutting down
2020-03-16T08:30:35.696+0100 I STORAGE  [signalProcessingThread] shutdown: removing fs lock...
2020-03-16T08:30:35.696+0100 I CONTROL  [signalProcessingThread] now exiting
2020-03-16T08:30:35.696+0100 I CONTROL  [signalProcessingThread] shutting down with code:0
